[INFO  - 2018-07-28T05:33:09.319Z] GhostDriver - Main - running on port 48515
[INFO  - 2018-07-28T05:33:10.246Z] Session [b6c34330-9227-11e8-a429-557cf42907c8] - page.settings - {"XSSAuditingEnabled":false,"javascriptCanCloseWindows":true,"javascriptCanOpenWindows":true,"javascriptEnabled":true,"loadImages":true,"localToRemoteUrlAccessEnabled":false,"userAgent":"Mozilla/5.0 (Unknown; Linux x86_64) AppleWebKit/538.1 (KHTML, like Gecko) PhantomJS/2.1.1 Safari/538.1","webSecurityEnabled":true}
[INFO  - 2018-07-28T05:33:10.246Z] Session [b6c34330-9227-11e8-a429-557cf42907c8] - page.customHeaders:  - {}
[INFO  - 2018-07-28T05:33:10.246Z] Session [b6c34330-9227-11e8-a429-557cf42907c8] - Session.negotiatedCapabilities - {"browserName":"phantomjs","version":"2.1.1","driverName":"ghostdriver","driverVersion":"1.2.0","platform":"linux-unknown-64bit","javascriptEnabled":true,"takesScreenshot":true,"handlesAlerts":false,"databaseEnabled":false,"locationContextEnabled":false,"applicationCacheEnabled":false,"browserConnectionEnabled":false,"cssSelectorsEnabled":true,"webStorageEnabled":false,"rotatable":false,"acceptSslCerts":false,"nativeEvents":true,"proxy":{"proxyType":"direct"}}
[INFO  - 2018-07-28T05:33:10.246Z] SessionManagerReqHand - _postNewSessionCommand - New Session Created: b6c34330-9227-11e8-a429-557cf42907c8
[ERROR - 2018-07-28T05:33:44.452Z] Session [b6c34330-9227-11e8-a429-557cf42907c8] - page.onError - msg: TypeError: undefined is not an object (evaluating 'this.props.datasource.getData().description')

  phantomjs://platform/console++.js:263 in error
[ERROR - 2018-07-28T05:33:44.453Z] Session [b6c34330-9227-11e8-a429-557cf42907c8] - page.onError - stack:
  handleChange (https://static.takealot.com/js/react/productdetailpage.js?v=9cddc:1)
  (anonymous function) (:0)
  emitChange (https://static.takealot.com/js/react/productdetailpage.js?v=9cddc:1)
  setData (https://static.takealot.com/js/react/productdetailpage.js?v=9cddc:1)
  (anonymous function) (https://static.takealot.com/js/react/productdetailpage.js?v=9cddc:1)
  (anonymous function) (:0)
  error (https://static.takealot.com/js/react/productdetailpage.js?v=9cddc:1)
  c (https://static.takealot.com/js/third_party/jquery-1.9.1.min.js:2)
  fireWith (https://static.takealot.com/js/third_party/jquery-1.9.1.min.js:2)
  k (https://static.takealot.com/js/third_party/jquery-1.9.1.min.js:4)
  onreadystatechange (https://static.takealot.com/js/third_party/jquery-1.9.1.min.js:4)

  phantomjs://platform/console++.js:263 in error
